<?xml version="1.0" encoding="UTF-8"?>
<testsuite errors="0" failures="0" hostname="localhost.localdomain" name="com.devjam.training.cicourse.model.OrderTest" tests="3" time="0.074" timestamp="2015-04-18T14:41:12">
  <properties />
  <testcase classname="com.devjam.training.cicourse.model.OrderTest" name="canHaveTwoOfSameItemsInOrder" time="0.005" />
  <testcase classname="com.devjam.training.cicourse.model.OrderTest" name="removingItemThatDoesNotExistThrowsException" time="0.008" />
  <testcase classname="com.devjam.training.cicourse.model.OrderTest" name="addingItemToEmptyOrder" time="0.0" />
  <system-out><![CDATA[]]></system-out>
  <system-err><![CDATA[]]></system-err>
</testsuite>
