<?xml version="1.0" encoding="UTF-8"?>
<testsuite errors="0" failures="0" hostname="localhost.localdomain" name="com.devjam.training.cicourse.discountEngine.DiscountTest" tests="3" time="0.076" timestamp="2015-04-18T14:41:10">
  <properties />
  <testcase classname="com.devjam.training.cicourse.discountEngine.DiscountTest" name="negativeMinAmountThrowsException" time="0.008" />
  <testcase classname="com.devjam.training.cicourse.discountEngine.DiscountTest" name="zeroPercentOffNotAllowed" time="0.0" />
  <testcase classname="com.devjam.training.cicourse.discountEngine.DiscountTest" name="testSetPercentOff" time="0.0" />
  <system-out><![CDATA[]]></system-out>
  <system-err><![CDATA[]]></system-err>
</testsuite>
